*** Using Compiler 'V5.05 update 1 (build 106)', folder: 'E:\STM32\MDK5\ARM\ARMCC\Bin'
Rebuild target 'Template'
compiling core_cm3.c...
assembling startup_stm32f10x_hd.s...
compiling delay.c...
compiling system_stm32f10x.c...
compiling stm32f10x_it.c...
compiling usart.c...
compiling main.c...
compiling sys.c...
compiling misc.c...
compiling stm32f10x_bkp.c...
compiling stm32f10x_crc.c...
compiling stm32f10x_cec.c...
compiling stm32f10x_adc.c...
compiling stm32f10x_dac.c...
compiling stm32f10x_can.c...
compiling stm32f10x_dbgmcu.c...
compiling stm32f10x_exti.c...
compiling stm32f10x_dma.c...
compiling stm32f10x_gpio.c...
compiling stm32f10x_flash.c...
compiling stm32f10x_i2c.c...
compiling stm32f10x_fsmc.c...
compiling stm32f10x_iwdg.c...
compiling stm32f10x_pwr.c...
compiling stm32f10x_rcc.c...
compiling stm32f10x_rtc.c...
compiling stm32f10x_spi.c...
compiling stm32f10x_sdio.c...
compiling stm32f10x_usart.c...
compiling stm32f10x_tim.c...
compiling bh1750.c...
compiling stm32f10x_wwdg.c...
compiling i2c.c...
compiling led.c...
compiling uln2003.c...
compiling usart3.c...
compiling timer.c...
compiling esp8266.c...
compiling key.c...
compiling dht11.c...
compiling exti.c...
linking...
Program Size: Code=14132 RO-data=1124 RW-data=96 ZI-data=3880  
FromELF: creating hex file...
"..\OBJ\Template.axf" - 0 Error(s), 0 Warning(s).
Build Time Elapsed:  00:00:10
